Graded Commit:0e8b4f9a97be6080e0fbe75341c74a81a2a21f48


[----] Criterion v2.4.2
[====] Running 18 tests from basecode_suite:
[RUN ] basecode_suite::free_coalesce
[PASS] basecode_suite::free_coalesce: (0.00s)
[RUN ] basecode_suite::free_coalesce_alt
[----] tests/sfmm_tests_alt.c:66: Unexpected signal caught below this line!
[FAIL] basecode_suite::free_coalesce_alt: CRASH!
[RUN ] basecode_suite::free_no_coalesce
[PASS] basecode_suite::free_no_coalesce: (0.00s)
[RUN ] basecode_suite::free_no_coalesce_alt
[----] tests/sfmm_tests_alt.c:49: Unexpected signal caught below this line!
[FAIL] basecode_suite::free_no_coalesce_alt: CRASH!
[RUN ] basecode_suite::freelist
[----] tests/__grading_helpers.c:174: Assertion Failed
[----]   
[----]   Wrong number of free blocks of size 64 (exp=1, found=0)
[----]   
[FAIL] basecode_suite::freelist: (0.00s)
[RUN ] basecode_suite::freelist_alt
[----] tests/sfmm_tests_alt.c:84: Unexpected signal caught below this line!
[FAIL] basecode_suite::freelist_alt: CRASH!
[RUN ] basecode_suite::malloc_an_int
[PASS] basecode_suite::malloc_an_int: (0.00s)
[RUN ] basecode_suite::malloc_an_int_alt
[PASS] basecode_suite::malloc_an_int_alt: (0.00s)
[RUN ] basecode_suite::malloc_four_pages
[PASS] basecode_suite::malloc_four_pages: (0.00s)
[RUN ] basecode_suite::malloc_four_pages_alt
[PASS] basecode_suite::malloc_four_pages_alt: (0.00s)
[RUN ] basecode_suite::malloc_too_large
[PASS] basecode_suite::malloc_too_large: (0.00s)
[RUN ] basecode_suite::malloc_too_large_alt
[PASS] basecode_suite::malloc_too_large_alt: (0.00s)
[RUN ] basecode_suite::realloc_larger_block
[PASS] basecode_suite::realloc_larger_block: (0.00s)
[RUN ] basecode_suite::realloc_larger_block_alt
[----] tests/sfmm_tests_alt.c:109: Unexpected signal caught below this line!
[FAIL] basecode_suite::realloc_larger_block_alt: CRASH!
[RUN ] basecode_suite::realloc_smaller_block_free_block
[PASS] basecode_suite::realloc_smaller_block_free_block: (0.00s)
[RUN ] basecode_suite::realloc_smaller_block_free_block_alt
[----] tests/sfmm_tests_alt.c:146: Unexpected signal caught below this line!
[FAIL] basecode_suite::realloc_smaller_block_free_block_alt: CRASH!
[RUN ] basecode_suite::realloc_smaller_block_splinter
[PASS] basecode_suite::realloc_smaller_block_splinter: (0.00s)
[RUN ] basecode_suite::realloc_smaller_block_splinter_alt
[----] tests/sfmm_tests_alt.c:127: Unexpected signal caught below this line!
[FAIL] basecode_suite::realloc_smaller_block_splinter_alt: CRASH!
[====] Running 8 tests from illegal_pointer_suite:
[RUN ] illegal_pointer_suite::free_block_too_small
[PASS] illegal_pointer_suite::free_block_too_small: (0.00s)
[RUN ] illegal_pointer_suite::free_block_too_small_alt
[PASS] illegal_pointer_suite::free_block_too_small_alt: (0.00s)
[RUN ] illegal_pointer_suite::free_null
[PASS] illegal_pointer_suite::free_null: (0.00s)
[RUN ] illegal_pointer_suite::free_null_alt
[PASS] illegal_pointer_suite::free_null_alt: (0.00s)
[RUN ] illegal_pointer_suite::free_prev_alloc
[----] tests/grading_tests_p2.c:206: Assertion Failed
[----]   
[----]   SIGABRT should have been received
[----]   
[FAIL] illegal_pointer_suite::free_prev_alloc: (0.00s)
[RUN ] illegal_pointer_suite::free_prev_alloc_alt
[PASS] illegal_pointer_suite::free_prev_alloc_alt: (0.00s)
[RUN ] illegal_pointer_suite::free_unallocated
[PASS] illegal_pointer_suite::free_unallocated: (0.00s)
[RUN ] illegal_pointer_suite::free_unallocated_alt
[PASS] illegal_pointer_suite::free_unallocated_alt: (0.00s)
[====] Running 2 tests from initialization_suite:
[RUN ] initialization_suite::initialization
[----] tests/__grading_helpers.c:83: Assertion Failed
[----]   
[----]   Prev allocated bit is not correctly set for 0x58bdb19eb558. Should be: 0
[----]   
[FAIL] initialization_suite::initialization: (0.00s)
[RUN ] initialization_suite::initialization_alt
[----] tests/__grading_helpers.c:77: Assertion Failed
[----]   
[----]   Block size is invalid for 0x637fa064d5f8. Got: 0
[----]   
[FAIL] initialization_suite::initialization_alt: (0.00s)
[====] Running 2 tests from lifo_suite:
[RUN ] lifo_suite::malloc_free_lifo
[PASS] lifo_suite::malloc_free_lifo: (0.00s)
[RUN ] lifo_suite::malloc_free_lifo_alt
[----] tests/grading_tests_p2_alt.c:13: Unexpected signal caught below this line!
[FAIL] lifo_suite::malloc_free_lifo_alt: CRASH!
[====] Running 12 tests from malloc_free_suite:
[RUN ] malloc_free_suite::coalesce_both
[----] tests/__grading_helpers.c:130: Assertion Failed
[----]   
[----]   Block 0x6385e5485918 has wrong block_size (got 544, expected 512)
[----]   
[FAIL] malloc_free_suite::coalesce_both: (0.00s)
[RUN ] malloc_free_suite::coalesce_both_alt
[----] tests/__grading_helpers.c:130: Assertion Failed
[----]   
[----]   Block 0x603670453928 has wrong block_size (got 544, expected 512)
[----]   
[FAIL] malloc_free_suite::coalesce_both_alt: (0.00s)
[RUN ] malloc_free_suite::coalesce_lower
[----] tests/__grading_helpers.c:130: Assertion Failed
[----]   
[----]   Block 0x5b57b3f90918 has wrong block_size (got 544, expected 512)
[----]   
[FAIL] malloc_free_suite::coalesce_lower: (0.00s)
[RUN ] malloc_free_suite::coalesce_lower_alt
[----] tests/__grading_helpers.c:130: Assertion Failed
[----]   
[----]   Block 0x57517e30a9e8 has wrong block_size (got 544, expected 512)
[----]   
[FAIL] malloc_free_suite::coalesce_lower_alt: (0.00s)
[RUN ] malloc_free_suite::coalesce_upper
[----] tests/__grading_helpers.c:130: Assertion Failed
[----]   
[----]   Block 0x635432476918 has wrong block_size (got 544, expected 512)
[----]   
[FAIL] malloc_free_suite::coalesce_upper: (0.00s)
[RUN ] malloc_free_suite::coalesce_upper_alt
[----] tests/__grading_helpers.c:130: Assertion Failed
[----]   
[----]   Block 0x5d2646cc09e8 has wrong block_size (got 544, expected 512)
[----]   
[FAIL] malloc_free_suite::coalesce_upper_alt: (0.00s)
[RUN ] malloc_free_suite::first_block
[----] tests/__grading_helpers.c:83: Assertion Failed
[----]   
[----]   Prev allocated bit is not correctly set for 0x582774821558. Should be: 0
[----]   
[FAIL] malloc_free_suite::first_block: (0.00s)
[RUN ] malloc_free_suite::first_block_alt
[----] tests/grading_tests_p1_alt.c:209: Unexpected signal caught below this line!
[FAIL] malloc_free_suite::first_block_alt: CRASH!
[RUN ] malloc_free_suite::last_block
[----] tests/__grading_helpers.c:130: Assertion Failed
[----]   
[----]   Block 0x635ff6596638 has wrong block_size (got 1792, expected 1760)
[----]   
[FAIL] malloc_free_suite::last_block: (0.00s)
[RUN ] malloc_free_suite::last_block_alt
[----] tests/__grading_helpers.c:130: Assertion Failed
[----]   
[----]   Block 0x5a3949617648 has wrong block_size (got 1792, expected 1760)
[----]   
[FAIL] malloc_free_suite::last_block_alt: (0.00s)
[RUN ] malloc_free_suite::no_coalesce
[----] tests/__grading_helpers.c:83: Assertion Failed
[----]   
[----]   Prev allocated bit is not correctly set for 0x5aa8efaad558. Should be: 0
[----]   
[FAIL] malloc_free_suite::no_coalesce: (0.00s)
[RUN ] malloc_free_suite::no_coalesce_alt
[----] tests/grading_tests_p1_alt.c:117: Unexpected signal caught below this line!
[FAIL] malloc_free_suite::no_coalesce_alt: CRASH!
[====] Running 10 tests from memalign_suite:
[RUN ] memalign_suite::test_1a
[PASS] memalign_suite::test_1a: (0.00s)
[RUN ] memalign_suite::test_1a_alt
[PASS] memalign_suite::test_1a_alt: (0.00s)
[RUN ] memalign_suite::test_1b
[PASS] memalign_suite::test_1b: (0.00s)
[RUN ] memalign_suite::test_1b_alt
[PASS] memalign_suite::test_1b_alt: (0.00s)
[RUN ] memalign_suite::test_1c
[PASS] memalign_suite::test_1c: (0.00s)
[RUN ] memalign_suite::test_1c_alt
[PASS] memalign_suite::test_1c_alt: (0.00s)
[RUN ] memalign_suite::test_2
[PASS] memalign_suite::test_2: (0.00s)
[RUN ] memalign_suite::test_2_alt
[FAIL] memalign_suite::test_2_alt: Timed out. (15.00s)
[RUN ] memalign_suite::test_3
[----] tests/__grading_helpers.c:83: Assertion Failed
[----]   
[----]   Prev allocated bit is not correctly set for 0x5b77b1d0f4b8. Should be: 0
[----]   
[FAIL] memalign_suite::test_3: (0.00s)
[RUN ] memalign_suite::test_3_alt
[FAIL] memalign_suite::test_3_alt: Timed out. (15.00s)
[====] Running 12 tests from realloc_suite:
[RUN ] realloc_suite::realloc_larger
[PASS] realloc_suite::realloc_larger: (0.00s)
[RUN ] realloc_suite::realloc_larger_alt
[----] tests/grading_tests_p2_alt.c:56: Unexpected signal caught below this line!
[FAIL] realloc_suite::realloc_larger_alt: CRASH!
[RUN ] realloc_suite::realloc_preserves_payload
[PASS] realloc_suite::realloc_preserves_payload: (0.00s)
[RUN ] realloc_suite::realloc_preserves_payload_alt
[----] tests/grading_tests_p2_alt.c:142: Unexpected signal caught below this line!
[FAIL] realloc_suite::realloc_preserves_payload_alt: CRASH!
[RUN ] realloc_suite::realloc_same
[PASS] realloc_suite::realloc_same: (0.00s)
[RUN ] realloc_suite::realloc_same_alt
[----] tests/grading_tests_p2_alt.c:90: Unexpected signal caught below this line!
[FAIL] realloc_suite::realloc_same_alt: CRASH!
[RUN ] realloc_suite::realloc_size_0
[PASS] realloc_suite::realloc_size_0: (0.00s)
[RUN ] realloc_suite::realloc_size_0_alt
[----] tests/grading_tests_p2_alt.c:123: Unexpected signal caught below this line!
[FAIL] realloc_suite::realloc_size_0_alt: CRASH!
[RUN ] realloc_suite::realloc_smaller
[PASS] realloc_suite::realloc_smaller: (0.00s)
[RUN ] realloc_suite::realloc_smaller_alt
[----] tests/grading_tests_p2_alt.c:73: Unexpected signal caught below this line!
[FAIL] realloc_suite::realloc_smaller_alt: CRASH!
[RUN ] realloc_suite::realloc_splinter
[PASS] realloc_suite::realloc_splinter: (0.00s)
[RUN ] realloc_suite::realloc_splinter_alt
[----] tests/grading_tests_p2_alt.c:107: Unexpected signal caught below this line!
[FAIL] realloc_suite::realloc_splinter_alt: CRASH!
[====] Running 16 tests from single_malloc_suite:
[RUN ] single_malloc_suite::exactly_one_page
[----] tests/__grading_helpers.c:130: Assertion Failed
[----]   
[----]   Block 0x5a4c63285558 has wrong block_size (got 2016, expected 1984)
[----]   
[FAIL] single_malloc_suite::exactly_one_page: (0.00s)
[RUN ] single_malloc_suite::exactly_one_page_alt
[----] tests/__grading_helpers.c:130: Assertion Failed
[----]   
[----]   Block 0x62af6dd305c8 has wrong block_size (got 2016, expected 1984)
[----]   
[FAIL] single_malloc_suite::exactly_one_page_alt: (0.00s)
[RUN ] single_malloc_suite::malloc_1
[----] tests/__grading_helpers.c:83: Assertion Failed
[----]   
[----]   Prev allocated bit is not correctly set for 0x5ff8db6534b8. Should be: 0
[----]   
[FAIL] single_malloc_suite::malloc_1: (0.00s)
[RUN ] single_malloc_suite::malloc_16
[----] tests/__grading_helpers.c:83: Assertion Failed
[----]   
[----]   Prev allocated bit is not correctly set for 0x647c47f29558. Should be: 0
[----]   
[FAIL] single_malloc_suite::malloc_16: (0.00s)
[RUN ] single_malloc_suite::malloc_16_alt
[----] tests/__grading_helpers.c:77: Assertion Failed
[----]   
[----]   Block size is invalid for 0x622ed0625538. Got: 0
[----]   
[FAIL] single_malloc_suite::malloc_16_alt: (0.00s)
[RUN ] single_malloc_suite::malloc_1_alt
[----] tests/__grading_helpers.c:77: Assertion Failed
[----]   
[----]   Block size is invalid for 0x5a00d8a15538. Got: 0
[----]   
[FAIL] single_malloc_suite::malloc_1_alt: (0.00s)
[RUN ] single_malloc_suite::malloc_32
[----] tests/__grading_helpers.c:83: Assertion Failed
[----]   
[----]   Prev allocated bit is not correctly set for 0x5c3a6180f558. Should be: 0
[----]   
[FAIL] single_malloc_suite::malloc_32: (0.00s)
[RUN ] single_malloc_suite::malloc_32_alt
[----] tests/__grading_helpers.c:77: Assertion Failed
[----]   
[----]   Block size is invalid for 0x5903ec7d9538. Got: 0
[----]   
[FAIL] single_malloc_suite::malloc_32_alt: (0.00s)
[RUN ] single_malloc_suite::malloc_max
[----] tests/__grading_helpers.c:83: Assertion Failed
[----]   
[----]   Prev allocated bit is not correctly set for 0x59c638272558. Should be: 0
[----]   
[FAIL] single_malloc_suite::malloc_max: (0.00s)
[RUN ] single_malloc_suite::malloc_max_alt
[----] tests/__grading_helpers.c:77: Assertion Failed
[----]   
[----]   Block size is invalid for 0x62cd62373538. Got: 0
[----]   
[FAIL] single_malloc_suite::malloc_max_alt: (0.00s)
[RUN ] single_malloc_suite::more_than_one_page
[----] tests/__grading_helpers.c:130: Assertion Failed
[----]   
[----]   Block 0x5808103e8618 has wrong block_size (got 2048, expected 2016)
[----]   
[FAIL] single_malloc_suite::more_than_one_page: (0.00s)
[RUN ] single_malloc_suite::more_than_one_page_alt
[----] tests/__grading_helpers.c:130: Assertion Failed
[----]   
[----]   Block 0x5d1d6bf795c8 has wrong block_size (got 2048, expected 2016)
[----]   
[FAIL] single_malloc_suite::more_than_one_page_alt: (0.00s)
[RUN ] single_malloc_suite::splinter
[----] tests/__grading_helpers.c:83: Assertion Failed
[----]   
[----]   Prev allocated bit is not correctly set for 0x5f536277c4b8. Should be: 0
[----]   
[FAIL] single_malloc_suite::splinter: (0.00s)
[RUN ] single_malloc_suite::splinter_alt
[----] tests/__grading_helpers.c:77: Assertion Failed
[----]   
[----]   Block size is invalid for 0x60e4279e7538. Got: 0
[----]   
[FAIL] single_malloc_suite::splinter_alt: (0.00s)
[RUN ] single_malloc_suite::three_pages
[----] tests/__grading_helpers.c:83: Assertion Failed
[----]   
[----]   Prev allocated bit is not correctly set for 0x5e21fc485558. Should be: 0
[----]   
[FAIL] single_malloc_suite::three_pages: (0.00s)
[RUN ] single_malloc_suite::three_pages_alt
[----] tests/__grading_helpers.c:77: Assertion Failed
[----]   
[----]   Block size is invalid for 0x621a06495538. Got: 0
[----]   
[FAIL] single_malloc_suite::three_pages_alt: (0.00s)
[====] Running 4 tests from stress_suite:
[RUN ] stress_suite::malloc_to_exhaustion
[PASS] stress_suite::malloc_to_exhaustion: (0.00s)
[RUN ] stress_suite::malloc_to_exhaustion_alt
[PASS] stress_suite::malloc_to_exhaustion_alt: (0.00s)
[RUN ] stress_suite::stress_test
[----] tests/__grading_helpers.c:83: Assertion Failed
[----]   
[----]   Prev allocated bit is not correctly set for 0x5efa9666b558. Should be: 0
[----]   
[FAIL] stress_suite::stress_test: (0.00s)
[RUN ] stress_suite::stress_test_alt
[----] tests/grading_tests_p2_alt.c:212: Unexpected signal caught below this line!
[FAIL] stress_suite::stress_test_alt: CRASH!
[----] Writing xml report in `crit.xml`.
[====] Synthesis: Tested: 84 | Passing: 34 | Failing: 50 | Crashing: 16 
